<?xml version="1.0" encoding="UTF-8"?>
<testng-results skipped="0" failed="0" total="1" passed="1">
  <reporter-output>
  </reporter-output>
  <suite name="Suite" duration-ms="52497" started-at="2019-04-21T14:29:39Z" finished-at="2019-04-21T14:30:31Z">
    <groups>
    </groups>
    <test name="Login guru on Chrome" duration-ms="52497" started-at="2019-04-21T14:29:39Z" finished-at="2019-04-21T14:30:31Z">
      <class name="com.beecow.testcase.CreateProductScript">
        <test-method status="PASS" signature="BeforeClass(java.lang.String, java.lang.String, java.lang.String)[pri:0, instance:com.beecow.testcase.CreateProductScript@2a5ca609]" name="BeforeClass" is-config="true" duration-ms="42880" started-at="2019-04-21T21:29:39Z" finished-at="2019-04-21T21:30:22Z">
          <params>
            <param index="0">
              <value>
                <![CDATA[chrome]]>
              </value>
            </param>
            <param index="1">
              <value>
                <![CDATA[2.46]]>
              </value>
            </param>
            <param index="2">
              <value>
                <![CDATA[https://www.beecow.com]]>
              </value>
            </param>
          </params>
          <reporter-output>
          </reporter-output>
        </test-method> <!-- BeforeClass -->
        <test-method status="PASS" signature="TC_01()[pri:0, instance:com.beecow.testcase.CreateProductScript@2a5ca609]" name="TC_01" duration-ms="9564" started-at="2019-04-21T21:30:22Z" finished-at="2019-04-21T21:30:31Z">
          <reporter-output>
          </reporter-output>
        </test-method> <!-- TC_01 -->
        <test-method status="PASS" signature="AfterClass()[pri:0, instance:com.beecow.testcase.CreateProductScript@2a5ca609]" name="AfterClass" is-config="true" duration-ms="1" started-at="2019-04-21T21:30:31Z" finished-at="2019-04-21T21:30:31Z">
          <reporter-output>
          </reporter-output>
        </test-method> <!-- AfterClass -->
      </class> <!-- com.beecow.testcase.CreateProductScript -->
    </test> <!-- Login guru on Chrome -->
  </suite> <!-- Suite -->
</testng-results>
